<?xml version="1.0" encoding="UTF-8"?>
<!-- Generated by org.testng.reporters.JUnitXMLReporter -->
<testsuite ignored="1" hostname="DESKTOP-1H1R9GO" failures="0" tests="1" name="Default test" time="0.232" errors="0" timestamp="2022-09-13T22:52:31 IST">
  <testcase classname="practice.AddToCartTest" name="RemoveFromCartTest" time="0.026"/>
  <testcase classname="practice.AddToCartTest" name="addToCartTest" time="0.0">
    <ignored/>
  </testcase> <!-- addToCartTest -->
</testsuite> <!-- Default test -->
