<?xml version="1.0" encoding="UTF-8"?>
<testng-results ignored="1" total="2" passed="1" failed="0" skipped="0">
  <reporter-output>
  </reporter-output>
  <suite started-at="2022-09-13T22:52:31 IST" name="Default suite" finished-at="2022-09-13T22:52:31 IST" duration-ms="232">
    <groups>
    </groups>
    <test started-at="2022-09-13T22:52:31 IST" name="Default test" finished-at="2022-09-13T22:52:31 IST" duration-ms="232">
      <class name="practice.AddToCartTest">
        <test-method signature="RemoveFromCartTest()[pri:0, instance:practice.AddToCartTest@670002]" started-at="2022-09-13T22:52:31 IST" name="RemoveFromCartTest" finished-at="2022-09-13T22:52:31 IST" duration-ms="26" status="PASS">
          <reporter-output>
          </reporter-output>
        </test-method> <!-- RemoveFromCartTest -->
      </class> <!-- practice.AddToCartTest -->
    </test> <!-- Default test -->
  </suite> <!-- Default suite -->
</testng-results>
